[0.004s] Invoking command in '/home/vbwanere/Vaibhav-GitHub/autonomous-frodobot/build/frodobot_lidar': CMAKE_PREFIX_PATH=/opt/ros/humble /usr/bin/cmake /home/vbwanere/Vaibhav-GitHub/autonomous-frodobot/src/frodobot_lidar -DCMAKE_INSTALL_PREFIX=/home/vbwanere/Vaibhav-GitHub/autonomous-frodobot/install/frodobot_lidar
[0.045s] -- The C compiler identification is GNU 11.4.0
[0.077s] -- The CXX compiler identification is GNU 11.4.0
[0.081s] -- Detecting C compiler ABI info
[0.108s] -- Detecting C compiler ABI info - done
[0.111s] -- Check for working C compiler: /usr/bin/cc - skipped
[0.111s] -- Detecting C compile features
[0.112s] -- Detecting C compile features - done
[0.113s] -- Detecting CXX compiler ABI info
[0.147s] -- Detecting CXX compiler ABI info - done
[0.150s] -- Check for working CXX compiler: /usr/bin/c++ - skipped
[0.150s] -- Detecting CXX compile features
[0.151s] -- Detecting CXX compile features - done
[0.152s] -- Found ament_cmake: 1.3.14 (/opt/ros/humble/share/ament_cmake/cmake)
[0.216s] -- Found Python3: /usr/bin/python3 (found version "3.10.12") found components: Interpreter 
[0.265s] -- Found rclcpp: 16.0.19 (/opt/ros/humble/share/rclcpp/cmake)
[0.293s] -- Found rosidl_generator_c: 3.1.8 (/opt/ros/humble/share/rosidl_generator_c/cmake)
[0.296s] -- Found rosidl_adapter: 3.1.8 (/opt/ros/humble/share/rosidl_adapter/cmake)
[0.301s] -- Found rosidl_generator_cpp: 3.1.8 (/opt/ros/humble/share/rosidl_generator_cpp/cmake)
[0.309s] -- Using all available rosidl_typesupport_c: rosidl_typesupport_fastrtps_c;rosidl_typesupport_introspection_c
[0.322s] -- Using all available rosidl_typesupport_cpp: rosidl_typesupport_fastrtps_cpp;rosidl_typesupport_introspection_cpp
[0.350s] -- Found rmw_implementation_cmake: 6.1.2 (/opt/ros/humble/share/rmw_implementation_cmake/cmake)
[0.352s] -- Found rmw_fastrtps_cpp: 6.2.10 (/opt/ros/humble/share/rmw_fastrtps_cpp/cmake)
[0.396s] -- Found OpenSSL: /usr/lib/x86_64-linux-gnu/libcrypto.so (found version "3.0.2")  
[0.409s] -- Found FastRTPS: /opt/ros/humble/include  
[0.427s] -- Using RMW implementation 'rmw_fastrtps_cpp' as default
[0.433s] -- Looking for pthread.h
[0.461s] -- Looking for pthread.h - found
[0.461s] -- Performing Test CMAKE_HAVE_LIBC_PTHREAD
[0.490s] -- Performing Test CMAKE_HAVE_LIBC_PTHREAD - Success
[0.490s] -- Found Threads: TRUE  
[0.520s] -- Found sensor_msgs: 4.9.1 (/opt/ros/humble/share/sensor_msgs/cmake)
[0.576s] -- Configuring done
[0.580s] -- Generating done
[0.581s] -- Build files have been written to: /home/vbwanere/Vaibhav-GitHub/autonomous-frodobot/build/frodobot_lidar
[0.586s] Invoked command in '/home/vbwanere/Vaibhav-GitHub/autonomous-frodobot/build/frodobot_lidar' returned '0': CMAKE_PREFIX_PATH=/opt/ros/humble /usr/bin/cmake /home/vbwanere/Vaibhav-GitHub/autonomous-frodobot/src/frodobot_lidar -DCMAKE_INSTALL_PREFIX=/home/vbwanere/Vaibhav-GitHub/autonomous-frodobot/install/frodobot_lidar
[0.587s] Invoking command in '/home/vbwanere/Vaibhav-GitHub/autonomous-frodobot/build/frodobot_lidar': CMAKE_PREFIX_PATH=/opt/ros/humble /usr/bin/cmake --build /home/vbwanere/Vaibhav-GitHub/autonomous-frodobot/build/frodobot_lidar -- -j32 -l32
[0.605s] [ 33%] [32mBuilding CXX object CMakeFiles/lidar_node.dir/src/lidar_node.cpp.o[0m
[0.606s] [ 66%] [32mBuilding CXX object CMakeFiles/lidar_node.dir/lidar/LidarScanner.cpp.o[0m
[0.626s] In file included from [01m[K/home/vbwanere/Vaibhav-GitHub/autonomous-frodobot/src/frodobot_lidar/lidar/LidarScanner.cpp:1[m[K:
[0.626s] [01m[K/home/vbwanere/Vaibhav-GitHub/autonomous-frodobot/src/frodobot_lidar/lidar/LidarScanner.hpp:4:10:[m[K [01;31m[Kfatal error: [m[K../rplidar_sdk/sdk/include/sl_lidar.h: No such file or directory
[0.626s]     4 | #include [01;31m[K"../rplidar_sdk/sdk/include/sl_lidar.h"[m[K
[0.626s]       |          [01;31m[K^~~~~~~~~~~~~~~~~~~~~~~~~~~~~~~~~~~~~~~[m[K
[0.626s] compilation terminated.
[0.627s] gmake[2]: *** [CMakeFiles/lidar_node.dir/build.make:90: CMakeFiles/lidar_node.dir/lidar/LidarScanner.cpp.o] Error 1
[0.627s] gmake[2]: *** Waiting for unfinished jobs....
[0.678s] In file included from [01m[K/home/vbwanere/Vaibhav-GitHub/autonomous-frodobot/src/frodobot_lidar/src/lidar_node.cpp:5[m[K:
[0.678s] [01m[K/home/vbwanere/Vaibhav-GitHub/autonomous-frodobot/src/frodobot_lidar/src/../lidar/LidarScanner.hpp:4:10:[m[K [01;31m[Kfatal error: [m[K../rplidar_sdk/sdk/include/sl_lidar.h: No such file or directory
[0.678s]     4 | #include [01;31m[K"../rplidar_sdk/sdk/include/sl_lidar.h"[m[K
[0.678s]       |          [01;31m[K^~~~~~~~~~~~~~~~~~~~~~~~~~~~~~~~~~~~~~~[m[K
[0.678s] compilation terminated.
[0.679s] gmake[2]: *** [CMakeFiles/lidar_node.dir/build.make:76: CMakeFiles/lidar_node.dir/src/lidar_node.cpp.o] Error 1
[0.679s] gmake[1]: *** [CMakeFiles/Makefile2:137: CMakeFiles/lidar_node.dir/all] Error 2
[0.680s] gmake: *** [Makefile:146: all] Error 2
[0.681s] Invoked command in '/home/vbwanere/Vaibhav-GitHub/autonomous-frodobot/build/frodobot_lidar' returned '2': CMAKE_PREFIX_PATH=/opt/ros/humble /usr/bin/cmake --build /home/vbwanere/Vaibhav-GitHub/autonomous-frodobot/build/frodobot_lidar -- -j32 -l32
